2021-09-05 15:03:27,284 ERROR b.m.m.m.c.ConnectionPool [main] can't create connection, exception: 
java.sql.SQLSyntaxErrorException: Unknown database 'mangaproject'
	at com.mysql.cj.jdbc.exceptions.SQLError.createSQLException(SQLError.java:120) ~[mysql-connector-java-8.0.25.jar:8.0.25]
	at com.mysql.cj.jdbc.exceptions.SQLExceptionsMapping.translateException(SQLExceptionsMapping.java:122) ~[mysql-connector-java-8.0.25.jar:8.0.25]
	at com.mysql.cj.jdbc.ConnectionImpl.createNewIO(ConnectionImpl.java:833) ~[mysql-connector-java-8.0.25.jar:8.0.25]
	at com.mysql.cj.jdbc.ConnectionImpl.<init>(ConnectionImpl.java:453) ~[mysql-connector-java-8.0.25.jar:8.0.25]
	at com.mysql.cj.jdbc.ConnectionImpl.getInstance(ConnectionImpl.java:246) ~[mysql-connector-java-8.0.25.jar:8.0.25]
	at com.mysql.cj.jdbc.NonRegisteringDriver.connect(NonRegisteringDriver.java:198) ~[mysql-connector-java-8.0.25.jar:8.0.25]
	at java.sql/java.sql.DriverManager.getConnection(DriverManager.java:677) ~[java.sql:?]
	at java.sql/java.sql.DriverManager.getConnection(DriverManager.java:189) ~[java.sql:?]
	at by.motolyha.mangaproject.model.connection.ConnectionFactory.createConnection(ConnectionFactory.java:35) ~[classes/:?]
	at by.motolyha.mangaproject.model.connection.ConnectionPool.initPool(ConnectionPool.java:39) [classes/:?]
	at by.motolyha.mangaproject.main.Main.main(main.java:14) [classes/:?]
2021-09-05 15:03:27,296 ERROR b.m.m.m.c.ConnectionPool [main] can't create connection, exception: 
java.sql.SQLSyntaxErrorException: Unknown database 'mangaproject'
	at com.mysql.cj.jdbc.exceptions.SQLError.createSQLException(SQLError.java:120) ~[mysql-connector-java-8.0.25.jar:8.0.25]
	at com.mysql.cj.jdbc.exceptions.SQLExceptionsMapping.translateException(SQLExceptionsMapping.java:122) ~[mysql-connector-java-8.0.25.jar:8.0.25]
	at com.mysql.cj.jdbc.ConnectionImpl.createNewIO(ConnectionImpl.java:833) ~[mysql-connector-java-8.0.25.jar:8.0.25]
	at com.mysql.cj.jdbc.ConnectionImpl.<init>(ConnectionImpl.java:453) ~[mysql-connector-java-8.0.25.jar:8.0.25]
	at com.mysql.cj.jdbc.ConnectionImpl.getInstance(ConnectionImpl.java:246) ~[mysql-connector-java-8.0.25.jar:8.0.25]
	at com.mysql.cj.jdbc.NonRegisteringDriver.connect(NonRegisteringDriver.java:198) ~[mysql-connector-java-8.0.25.jar:8.0.25]
	at java.sql/java.sql.DriverManager.getConnection(DriverManager.java:677) ~[java.sql:?]
	at java.sql/java.sql.DriverManager.getConnection(DriverManager.java:189) ~[java.sql:?]
	at by.motolyha.mangaproject.model.connection.ConnectionFactory.createConnection(ConnectionFactory.java:35) ~[classes/:?]
	at by.motolyha.mangaproject.model.connection.ConnectionPool.initPool(ConnectionPool.java:39) [classes/:?]
	at by.motolyha.mangaproject.main.Main.main(main.java:14) [classes/:?]
2021-09-05 15:03:27,300 ERROR b.m.m.m.c.ConnectionPool [main] can't create connection, exception: 
java.sql.SQLSyntaxErrorException: Unknown database 'mangaproject'
	at com.mysql.cj.jdbc.exceptions.SQLError.createSQLException(SQLError.java:120) ~[mysql-connector-java-8.0.25.jar:8.0.25]
	at com.mysql.cj.jdbc.exceptions.SQLExceptionsMapping.translateException(SQLExceptionsMapping.java:122) ~[mysql-connector-java-8.0.25.jar:8.0.25]
	at com.mysql.cj.jdbc.ConnectionImpl.createNewIO(ConnectionImpl.java:833) ~[mysql-connector-java-8.0.25.jar:8.0.25]
	at com.mysql.cj.jdbc.ConnectionImpl.<init>(ConnectionImpl.java:453) ~[mysql-connector-java-8.0.25.jar:8.0.25]
	at com.mysql.cj.jdbc.ConnectionImpl.getInstance(ConnectionImpl.java:246) ~[mysql-connector-java-8.0.25.jar:8.0.25]
	at com.mysql.cj.jdbc.NonRegisteringDriver.connect(NonRegisteringDriver.java:198) ~[mysql-connector-java-8.0.25.jar:8.0.25]
	at java.sql/java.sql.DriverManager.getConnection(DriverManager.java:677) ~[java.sql:?]
	at java.sql/java.sql.DriverManager.getConnection(DriverManager.java:189) ~[java.sql:?]
	at by.motolyha.mangaproject.model.connection.ConnectionFactory.createConnection(ConnectionFactory.java:35) ~[classes/:?]
	at by.motolyha.mangaproject.model.connection.ConnectionPool.initPool(ConnectionPool.java:39) [classes/:?]
	at by.motolyha.mangaproject.main.Main.main(main.java:14) [classes/:?]
2021-09-05 15:03:27,304 ERROR b.m.m.m.c.ConnectionPool [main] can't create connection, exception: 
java.sql.SQLSyntaxErrorException: Unknown database 'mangaproject'
	at com.mysql.cj.jdbc.exceptions.SQLError.createSQLException(SQLError.java:120) ~[mysql-connector-java-8.0.25.jar:8.0.25]
	at com.mysql.cj.jdbc.exceptions.SQLExceptionsMapping.translateException(SQLExceptionsMapping.java:122) ~[mysql-connector-java-8.0.25.jar:8.0.25]
	at com.mysql.cj.jdbc.ConnectionImpl.createNewIO(ConnectionImpl.java:833) ~[mysql-connector-java-8.0.25.jar:8.0.25]
	at com.mysql.cj.jdbc.ConnectionImpl.<init>(ConnectionImpl.java:453) ~[mysql-connector-java-8.0.25.jar:8.0.25]
	at com.mysql.cj.jdbc.ConnectionImpl.getInstance(ConnectionImpl.java:246) ~[mysql-connector-java-8.0.25.jar:8.0.25]
	at com.mysql.cj.jdbc.NonRegisteringDriver.connect(NonRegisteringDriver.java:198) ~[mysql-connector-java-8.0.25.jar:8.0.25]
	at java.sql/java.sql.DriverManager.getConnection(DriverManager.java:677) ~[java.sql:?]
	at java.sql/java.sql.DriverManager.getConnection(DriverManager.java:189) ~[java.sql:?]
	at by.motolyha.mangaproject.model.connection.ConnectionFactory.createConnection(ConnectionFactory.java:35) ~[classes/:?]
	at by.motolyha.mangaproject.model.connection.ConnectionPool.initPool(ConnectionPool.java:39) [classes/:?]
	at by.motolyha.mangaproject.main.Main.main(main.java:14) [classes/:?]
2021-09-05 15:03:27,306 ERROR b.m.m.m.c.ConnectionPool [main] can't create connection, exception: 
java.sql.SQLSyntaxErrorException: Unknown database 'mangaproject'
	at com.mysql.cj.jdbc.exceptions.SQLError.createSQLException(SQLError.java:120) ~[mysql-connector-java-8.0.25.jar:8.0.25]
	at com.mysql.cj.jdbc.exceptions.SQLExceptionsMapping.translateException(SQLExceptionsMapping.java:122) ~[mysql-connector-java-8.0.25.jar:8.0.25]
	at com.mysql.cj.jdbc.ConnectionImpl.createNewIO(ConnectionImpl.java:833) ~[mysql-connector-java-8.0.25.jar:8.0.25]
	at com.mysql.cj.jdbc.ConnectionImpl.<init>(ConnectionImpl.java:453) ~[mysql-connector-java-8.0.25.jar:8.0.25]
	at com.mysql.cj.jdbc.ConnectionImpl.getInstance(ConnectionImpl.java:246) ~[mysql-connector-java-8.0.25.jar:8.0.25]
	at com.mysql.cj.jdbc.NonRegisteringDriver.connect(NonRegisteringDriver.java:198) ~[mysql-connector-java-8.0.25.jar:8.0.25]
	at java.sql/java.sql.DriverManager.getConnection(DriverManager.java:677) ~[java.sql:?]
	at java.sql/java.sql.DriverManager.getConnection(DriverManager.java:189) ~[java.sql:?]
	at by.motolyha.mangaproject.model.connection.ConnectionFactory.createConnection(ConnectionFactory.java:35) ~[classes/:?]
	at by.motolyha.mangaproject.model.connection.ConnectionPool.initPool(ConnectionPool.java:39) [classes/:?]
	at by.motolyha.mangaproject.main.Main.main(main.java:14) [classes/:?]
2021-09-05 15:03:27,309 ERROR b.m.m.m.c.ConnectionPool [main] can't create connection, exception: 
java.sql.SQLSyntaxErrorException: Unknown database 'mangaproject'
	at com.mysql.cj.jdbc.exceptions.SQLError.createSQLException(SQLError.java:120) ~[mysql-connector-java-8.0.25.jar:8.0.25]
	at com.mysql.cj.jdbc.exceptions.SQLExceptionsMapping.translateException(SQLExceptionsMapping.java:122) ~[mysql-connector-java-8.0.25.jar:8.0.25]
	at com.mysql.cj.jdbc.ConnectionImpl.createNewIO(ConnectionImpl.java:833) ~[mysql-connector-java-8.0.25.jar:8.0.25]
	at com.mysql.cj.jdbc.ConnectionImpl.<init>(ConnectionImpl.java:453) ~[mysql-connector-java-8.0.25.jar:8.0.25]
	at com.mysql.cj.jdbc.ConnectionImpl.getInstance(ConnectionImpl.java:246) ~[mysql-connector-java-8.0.25.jar:8.0.25]
	at com.mysql.cj.jdbc.NonRegisteringDriver.connect(NonRegisteringDriver.java:198) ~[mysql-connector-java-8.0.25.jar:8.0.25]
	at java.sql/java.sql.DriverManager.getConnection(DriverManager.java:677) ~[java.sql:?]
	at java.sql/java.sql.DriverManager.getConnection(DriverManager.java:189) ~[java.sql:?]
	at by.motolyha.mangaproject.model.connection.ConnectionFactory.createConnection(ConnectionFactory.java:35) ~[classes/:?]
	at by.motolyha.mangaproject.model.connection.ConnectionPool.initPool(ConnectionPool.java:39) [classes/:?]
	at by.motolyha.mangaproject.main.Main.main(main.java:14) [classes/:?]
2021-09-05 15:03:27,312 ERROR b.m.m.m.c.ConnectionPool [main] can't create connection, exception: 
java.sql.SQLSyntaxErrorException: Unknown database 'mangaproject'
	at com.mysql.cj.jdbc.exceptions.SQLError.createSQLException(SQLError.java:120) ~[mysql-connector-java-8.0.25.jar:8.0.25]
	at com.mysql.cj.jdbc.exceptions.SQLExceptionsMapping.translateException(SQLExceptionsMapping.java:122) ~[mysql-connector-java-8.0.25.jar:8.0.25]
	at com.mysql.cj.jdbc.ConnectionImpl.createNewIO(ConnectionImpl.java:833) ~[mysql-connector-java-8.0.25.jar:8.0.25]
	at com.mysql.cj.jdbc.ConnectionImpl.<init>(ConnectionImpl.java:453) ~[mysql-connector-java-8.0.25.jar:8.0.25]
	at com.mysql.cj.jdbc.ConnectionImpl.getInstance(ConnectionImpl.java:246) ~[mysql-connector-java-8.0.25.jar:8.0.25]
	at com.mysql.cj.jdbc.NonRegisteringDriver.connect(NonRegisteringDriver.java:198) ~[mysql-connector-java-8.0.25.jar:8.0.25]
	at java.sql/java.sql.DriverManager.getConnection(DriverManager.java:677) ~[java.sql:?]
	at java.sql/java.sql.DriverManager.getConnection(DriverManager.java:189) ~[java.sql:?]
	at by.motolyha.mangaproject.model.connection.ConnectionFactory.createConnection(ConnectionFactory.java:35) ~[classes/:?]
	at by.motolyha.mangaproject.model.connection.ConnectionPool.initPool(ConnectionPool.java:39) [classes/:?]
	at by.motolyha.mangaproject.main.Main.main(main.java:14) [classes/:?]
2021-09-05 15:03:27,316 ERROR b.m.m.m.c.ConnectionPool [main] can't create connection, exception: 
java.sql.SQLSyntaxErrorException: Unknown database 'mangaproject'
	at com.mysql.cj.jdbc.exceptions.SQLError.createSQLException(SQLError.java:120) ~[mysql-connector-java-8.0.25.jar:8.0.25]
	at com.mysql.cj.jdbc.exceptions.SQLExceptionsMapping.translateException(SQLExceptionsMapping.java:122) ~[mysql-connector-java-8.0.25.jar:8.0.25]
	at com.mysql.cj.jdbc.ConnectionImpl.createNewIO(ConnectionImpl.java:833) ~[mysql-connector-java-8.0.25.jar:8.0.25]
	at com.mysql.cj.jdbc.ConnectionImpl.<init>(ConnectionImpl.java:453) ~[mysql-connector-java-8.0.25.jar:8.0.25]
	at com.mysql.cj.jdbc.ConnectionImpl.getInstance(ConnectionImpl.java:246) ~[mysql-connector-java-8.0.25.jar:8.0.25]
	at com.mysql.cj.jdbc.NonRegisteringDriver.connect(NonRegisteringDriver.java:198) ~[mysql-connector-java-8.0.25.jar:8.0.25]
	at java.sql/java.sql.DriverManager.getConnection(DriverManager.java:677) ~[java.sql:?]
	at java.sql/java.sql.DriverManager.getConnection(DriverManager.java:189) ~[java.sql:?]
	at by.motolyha.mangaproject.model.connection.ConnectionFactory.createConnection(ConnectionFactory.java:35) ~[classes/:?]
	at by.motolyha.mangaproject.model.connection.ConnectionPool.initPool(ConnectionPool.java:39) [classes/:?]
	at by.motolyha.mangaproject.main.Main.main(main.java:14) [classes/:?]
2021-09-05 15:03:27,318 ERROR b.m.m.m.c.ConnectionPool [main] can't create connection, exception: 
java.sql.SQLSyntaxErrorException: Unknown database 'mangaproject'
	at com.mysql.cj.jdbc.exceptions.SQLError.createSQLException(SQLError.java:120) ~[mysql-connector-java-8.0.25.jar:8.0.25]
	at com.mysql.cj.jdbc.exceptions.SQLExceptionsMapping.translateException(SQLExceptionsMapping.java:122) ~[mysql-connector-java-8.0.25.jar:8.0.25]
	at com.mysql.cj.jdbc.ConnectionImpl.createNewIO(ConnectionImpl.java:833) ~[mysql-connector-java-8.0.25.jar:8.0.25]
	at com.mysql.cj.jdbc.ConnectionImpl.<init>(ConnectionImpl.java:453) ~[mysql-connector-java-8.0.25.jar:8.0.25]
	at com.mysql.cj.jdbc.ConnectionImpl.getInstance(ConnectionImpl.java:246) ~[mysql-connector-java-8.0.25.jar:8.0.25]
	at com.mysql.cj.jdbc.NonRegisteringDriver.connect(NonRegisteringDriver.java:198) ~[mysql-connector-java-8.0.25.jar:8.0.25]
	at java.sql/java.sql.DriverManager.getConnection(DriverManager.java:677) ~[java.sql:?]
	at java.sql/java.sql.DriverManager.getConnection(DriverManager.java:189) ~[java.sql:?]
	at by.motolyha.mangaproject.model.connection.ConnectionFactory.createConnection(ConnectionFactory.java:35) ~[classes/:?]
	at by.motolyha.mangaproject.model.connection.ConnectionPool.initPool(ConnectionPool.java:39) [classes/:?]
	at by.motolyha.mangaproject.main.Main.main(main.java:14) [classes/:?]
2021-09-05 15:03:27,322 ERROR b.m.m.m.c.ConnectionPool [main] can't create connection, exception: 
java.sql.SQLSyntaxErrorException: Unknown database 'mangaproject'
	at com.mysql.cj.jdbc.exceptions.SQLError.createSQLException(SQLError.java:120) ~[mysql-connector-java-8.0.25.jar:8.0.25]
	at com.mysql.cj.jdbc.exceptions.SQLExceptionsMapping.translateException(SQLExceptionsMapping.java:122) ~[mysql-connector-java-8.0.25.jar:8.0.25]
	at com.mysql.cj.jdbc.ConnectionImpl.createNewIO(ConnectionImpl.java:833) ~[mysql-connector-java-8.0.25.jar:8.0.25]
	at com.mysql.cj.jdbc.ConnectionImpl.<init>(ConnectionImpl.java:453) ~[mysql-connector-java-8.0.25.jar:8.0.25]
	at com.mysql.cj.jdbc.ConnectionImpl.getInstance(ConnectionImpl.java:246) ~[mysql-connector-java-8.0.25.jar:8.0.25]
	at com.mysql.cj.jdbc.NonRegisteringDriver.connect(NonRegisteringDriver.java:198) ~[mysql-connector-java-8.0.25.jar:8.0.25]
	at java.sql/java.sql.DriverManager.getConnection(DriverManager.java:677) ~[java.sql:?]
	at java.sql/java.sql.DriverManager.getConnection(DriverManager.java:189) ~[java.sql:?]
	at by.motolyha.mangaproject.model.connection.ConnectionFactory.createConnection(ConnectionFactory.java:35) ~[classes/:?]
	at by.motolyha.mangaproject.model.connection.ConnectionPool.initPool(ConnectionPool.java:39) [classes/:?]
	at by.motolyha.mangaproject.main.Main.main(main.java:14) [classes/:?]
2021-09-05 15:03:27,323 FATAL b.m.m.m.c.ConnectionPool [main] can't create connections
